20221229	17:56:34	undefined	GET	/index.html	undefined
20221229	17:56:34	undefined	GET	/css/style.css	undefined
20221229	18:51:28	undefined	GET	/css/style.css	undefined
20221229	18:52:16	undefined	GET	/	undefined
20221229	18:53:06	undefined	GET	/	undefined
20221229	18:53:22	undefined	GET	/	undefined
20221229	18:55:03	undefined	GET	/	undefined
20221231	01:20:42	undefined	GET	/	undefined
20221231	01:20:52	undefined	GET	/	undefined
20221231	01:21:52	undefined	GET	/index	undefined
20221231	01:22:01	undefined	GET	/indexsss	undefined
20221231	01:23:03	undefined	GET	/index	undefined
20221231	12:17:11	undefined	GET	/index	undefined
20221231	12:18:07	undefined	GET	/index	undefined
20221231	12:18:46	undefined	GET	/index	undefined
20221231	12:26:29	undefined	GET	/index	undefined
20221231	12:27:04	undefined	GET	/index	undefined
20221231	12:28:28	undefined	GET	/index	undefined
20221231	12:28:36	undefined	GET	/index	undefined
20221231	12:29:14	undefined	GET	/index	undefined
20221231	12:30:47	undefined	GET	/index	undefined
20221231	12:30:49	undefined	GET	/index	undefined
20221231	12:30:53	undefined	GET	/index	undefined
20221231	12:31:00	undefined	GET	/index	undefined
20221231	12:31:08	undefined	GET	/index	undefined
20221231	12:31:13	undefined	GET	/index	undefined
20221231	12:31:21	undefined	GET	/index	undefined
20221231	12:31:24	undefined	GET	/index	undefined
20221231	12:31:26	undefined	GET	/index	undefined
20221231	12:32:07	undefined	GET	/index	undefined
20221231	12:32:09	undefined	GET	/index	undefined
20221231	12:32:23	undefined	GET	/index	undefined
20221231	12:32:25	undefined	GET	/index	undefined
20221231	12:32:31	undefined	GET	/index	undefined
20221231	12:32:40	undefined	GET	/index	undefined
20221231	12:33:10	undefined	GET	/index	undefined
20221231	12:33:13	undefined	GET	/index	undefined
20221231	12:33:24	undefined	GET	/index	undefined
20221231	12:33:28	undefined	GET	/index	undefined
20221231	12:34:08	undefined	GET	/index	undefined
20221231	12:34:20	undefined	GET	/index	undefined
20221231	12:34:58	undefined	GET	/index	undefined
20221231	12:35:02	undefined	GET	/index	undefined
20221231	12:35:05	undefined	GET	/index	undefined
20221231	12:35:08	undefined	GET	/index	undefined
20221231	12:35:20	undefined	GET	/index	undefined
20221231	12:35:23	undefined	GET	/index	undefined
20221231	12:35:26	undefined	GET	/index	undefined
20221231	12:35:29	undefined	GET	/index	undefined
20221231	12:35:37	undefined	GET	/index	undefined
20221231	12:35:41	undefined	GET	/index	undefined
20221231	12:35:45	undefined	GET	/index	undefined
20221231	12:35:49	undefined	GET	/index	undefined
20221231	12:35:53	undefined	GET	/index	undefined
20221231	12:35:56	undefined	GET	/index	undefined
20221231	12:35:59	undefined	GET	/index	undefined
20221231	12:36:03	undefined	GET	/index	undefined
20221231	12:36:07	undefined	GET	/index	undefined
20221231	12:36:50	undefined	GET	/index	undefined
20221231	12:36:54	undefined	GET	/index	undefined
20221231	12:38:00	undefined	GET	/index	undefined
20221231	12:38:04	undefined	GET	/index	undefined
20221231	12:38:10	undefined	GET	/index	undefined
20221231	12:38:13	undefined	GET	/index	undefined
20221231	12:38:16	undefined	GET	/index	undefined
20221231	12:38:23	undefined	GET	/index	undefined
20221231	12:38:32	undefined	GET	/index	undefined
20221231	12:38:48	undefined	GET	/index	undefined
20221231	12:39:02	undefined	GET	/index	undefined
20221231	12:39:05	undefined	GET	/index	undefined
20221231	12:39:07	undefined	GET	/index	undefined
20221231	12:39:17	undefined	GET	/index	undefined
20221231	12:39:19	undefined	GET	/index	undefined
20221231	12:39:22	undefined	GET	/index	undefined
20221231	12:39:30	undefined	GET	/index	undefined
20221231	12:39:37	undefined	GET	/index	undefined
20221231	12:39:46	undefined	GET	/index	undefined
20221231	12:39:54	undefined	GET	/index	undefined
20221231	12:39:58	undefined	GET	/index	undefined
20221231	12:40:07	undefined	GET	/index	undefined
20221231	12:40:12	undefined	GET	/index	undefined
20221231	12:40:54	undefined	GET	/index	undefined
20221231	12:41:31	undefined	GET	/index	undefined
20221231	12:42:03	undefined	GET	/index	undefined
20221231	12:42:56	undefined	GET	/users	undefined
20221231	12:44:23	undefined	GET	/index	undefined
20221231	12:44:51	undefined	GET	/users	undefined
20221231	12:45:02	undefined	GET	/index	undefined
20221231	12:45:40	undefined	GET	/index	undefined
20221231	12:45:41	undefined	GET	/users	undefined
